<?xml version="1.0" encoding="UTF-8"?>
<testng-results skipped="0" failed="0" ignored="0" total="1" passed="1">
  <reporter-output>
  </reporter-output>
  <suite name="Default suite" duration-ms="6797" started-at="2019-06-15T17:55:55Z" finished-at="2019-06-15T17:56:02Z">
    <groups>
    </groups>
    <test name="Default test" duration-ms="6797" started-at="2019-06-15T17:55:55Z" finished-at="2019-06-15T17:56:02Z">
      <class name="com.qa.tests.PostAPITest">
        <test-method status="PASS" signature="setUp()[pri:0, instance:com.qa.tests.PostAPITest@482f8f11]" name="setUp" is-config="true" duration-ms="18" started-at="2019-06-15T17:55:55Z" finished-at="2019-06-15T17:55:55Z">
          <reporter-output>
          </reporter-output>
        </test-method> <!-- setUp -->
        <test-method status="PASS" signature="postAPITest()[pri:0, instance:com.qa.tests.PostAPITest@482f8f11]" name="postAPITest" duration-ms="6679" started-at="2019-06-15T17:55:55Z" finished-at="2019-06-15T17:56:02Z">
          <reporter-output>
          </reporter-output>
        </test-method> <!-- postAPITest -->
      </class> <!-- com.qa.tests.PostAPITest -->
    </test> <!-- Default test -->
  </suite> <!-- Default suite -->
</testng-results>
